#
# There is insufficient memory for the Java Runtime Environment to continue.
# Native memory allocation (mmap) failed to map 132120576 bytes for G1 virtual space
# Possible reasons:
#   The system is out of physical RAM or swap space
#   The process is running with CompressedOops enabled, and the Java Heap may be blocking the growth of the native heap
# Possible solutions:
#   Reduce memory load on the system
#   Increase physical memory or swap space
#   Check if swap backing store is full
#   Decrease Java heap size (-Xmx/-Xms)
#   Decrease number of Java threads
#   Decrease Java thread stack sizes (-Xss)
#   Set larger code cache with -XX:ReservedCodeCacheSize=
#   JVM is running with Unscaled Compressed Oops mode in which the Java heap is
#     placed in the first 4GB address space. The Java Heap base address is the
#     maximum limit for the native heap growth. Please use -XX:HeapBaseMinAddress
#     to set the Java Heap base and to place the Java Heap above 4GB virtual address.
# This output file may be truncated or incomplete.
#
#  Out of Memory Error (os_windows.cpp:3769), pid=18244, tid=22664
#
# JRE version:  (17.0.6+1) (build )
# Java VM: OpenJDK 64-Bit Server VM (17.0.6+1-b653.34, mixed mode, sharing, tiered, compressed oops, compressed class ptrs, g1 gc, windows-amd64)
# No core dump will be written. Minidumps are not enabled by default on client versions of Windows
#

---------------  S U M M A R Y ------------

Command Line: git4idea.http.GitAskPassApp Username for 'https://github.com': 

Host: Intel(R) Core(TM) i5-10400 CPU @ 2.90GHz, 12 cores, 7G,  Windows 11 , 64 bit Build 22621 (10.0.22621.2428)
Time: Sun Oct 22 10:43:08 2023 Bangladesh Standard Time elapsed time: 0.009276 seconds (0d 0h 0m 0s)

---------------  T H R E A D  ---------------

Current thread (0x000002239bd9b9c0):  JavaThread "Unknown thread" [_thread_in_vm, id=22664, stack(0x000000588e300000,0x000000588e400000)]

Stack: [0x000000588e300000,0x000000588e400000]
Native frames: (J=compiled Java code, j=interpreted, Vv=VM code, C=native code)
V  [jvm.dll+0x683b4a]
V  [jvm.dll+0x842654]
V  [jvm.dll+0x843dfe]
V  [jvm.dll+0x844463]
V  [jvm.dll+0x249b75]
V  [jvm.dll+0x680a19]
V  [jvm.dll+0x674f0a]
V  [jvm.dll+0x309acb]
V  [jvm.dll+0x310f86]
V  [jvm.dll+0x3608ee]
V  [jvm.dll+0x360b1f]
V  [jvm.dll+0x2dfbf8]
V  [jvm.dll+0x2e0b64]
V  [jvm.dll+0x813f41]
V  [jvm.dll+0x36e6a1]
V  [jvm.dll+0x7f347c]
V  [jvm.dll+0x3f0e8f]
V  [jvm.dll+0x3f29d1]
C  [jli.dll+0x526b]
C  [ucrtbase.dll+0x29363]
C  [KERNEL32.DLL+0x1257d]
C  [ntdll.dll+0x5aa78]


---------------  P R O C E S S  ---------------

Threads class SMR info:
_java_thread_list=0x00007ff9f561c058, length=0, elements={
}

Java Threads: ( => current thread )

Other Threads:
  0x000002239bdf5f40 GCTaskThread "GC Thread#0" [stack: 0x000000588e400000,0x000000588e500000] [id=26236]
  0x000002239be06910 ConcurrentGCThread "G1 Main Marker" [stack: 0x000000588e500000,0x000000588e600000] [id=3736]
  0x000002239be079d0 ConcurrentGCThread "G1 Conc#0" [stack: 0x000000588e600000,0x000000588e700000] [id=1568]

[error occurred during error reporting (printing all threads), id 0xc0000005, EXCEPTION_ACCESS_VIOLATION (0xc0000005) at pc=0x00007ff9f4dd0797]

VM state: not at safepoint (not fully initialized)

VM Mutex/Monitor currently owned by a thread:  ([mutex/lock_event])
[0x000002239bd962f0] Heap_lock - owner thread: 0x000002239bd9b9c0

Heap address: 0x0000000082400000, size: 2012 MB, Compressed Oops mode: 32-bit

CDS archive(s) mapped at: [0x0000000000000000-0x0000000000000000-0x0000000000000000), size 0, SharedBaseAddress: 0x0000000800000000, ArchiveRelocationMode: 0.
Narrow klass base: 0x0000000000000000, Narrow klass shift: 0, Narrow klass range: 0x0

GC Precious Log:
<Empty>

Heap:
 garbage-first heap   total 0K, used 0K [0x0000000082400000, 0x0000000100000000)
  region size 1024K, 0 young (0K), 0 survivors (0K)

[error occurred during error reporting (printing heap information), id 0xc0000005, EXCEPTION_ACCESS_VIOLATION (0xc0000005) at pc=0x00007ff9f51bd939]

GC Heap History (0 events):
No events

Dll operation events (1 events):
Event: 0.004 Loaded shared library C:\Program Files\JetBrains\WebStorm 2022.3.1\jbr\bin\java.dll

Deoptimization events (0 events):
No events

Classes unloaded (0 events):
No events

Classes redefined (0 events):
No events

Internal exceptions (0 events):
No events

VM Operations (0 events):
No events

Events (0 events):
No events


Dynamic libraries:
0x00007ff7990c0000 - 0x00007ff7990ca000 	C:\Program Files\JetBrains\WebStorm 2022.3.1\jbr\bin\java.exe
0x00007ffa4e990000 - 0x00007ffa4eba7000 	C:\WINDOWS\SYSTEM32\ntdll.dll
0x00007ffa4d580000 - 0x00007ffa4d644000 	C:\WINDOWS\System32\KERNEL32.DLL
0x00007ffa4bd10000 - 0x00007ffa4c0b6000 	C:\WINDOWS\System32\KERNELBASE.dll
0x00007ffa4c140000 - 0x00007ffa4c251000 	C:\WINDOWS\System32\ucrtbase.dll
0x00007ffa3d6a0000 - 0x00007ffa3d6b7000 	C:\Program Files\JetBrains\WebStorm 2022.3.1\jbr\bin\jli.dll
0x00007ffa3e0b0000 - 0x00007ffa3e0cb000 	C:\Program Files\JetBrains\WebStorm 2022.3.1\jbr\bin\VCRUNTIME140.dll
0x00007ffa4c6f0000 - 0x00007ffa4c89d000 	C:\WINDOWS\System32\USER32.dll
0x00007ffa4c550000 - 0x00007ffa4c576000 	C:\WINDOWS\System32\win32u.dll
0x00007ffa36610000 - 0x00007ffa368a3000 	C:\WINDOWS\WinSxS\amd64_microsoft.windows.common-controls_6595b64144ccf1df_6.0.22621.2361_none_2712ced57382f843\COMCTL32.dll
0x00007ffa4e330000 - 0x00007ffa4e359000 	C:\WINDOWS\System32\GDI32.dll
0x00007ffa4d650000 - 0x00007ffa4d6f7000 	C:\WINDOWS\System32\msvcrt.dll
0x00007ffa4c430000 - 0x00007ffa4c548000 	C:\WINDOWS\System32\gdi32full.dll
0x00007ffa4c390000 - 0x00007ffa4c42a000 	C:\WINDOWS\System32\msvcp_win.dll
0x00007ffa4cd70000 - 0x00007ffa4cda1000 	C:\WINDOWS\System32\IMM32.DLL
0x00007ffa48fd0000 - 0x00007ffa48fdc000 	C:\Program Files\JetBrains\WebStorm 2022.3.1\jbr\bin\vcruntime140_1.dll
0x00007ffa27820000 - 0x00007ffa278ad000 	C:\Program Files\JetBrains\WebStorm 2022.3.1\jbr\bin\msvcp140.dll
0x00007ff9f4ae0000 - 0x00007ff9f574d000 	C:\Program Files\JetBrains\WebStorm 2022.3.1\jbr\bin\server\jvm.dll
0x00007ffa4ce90000 - 0x00007ffa4cf40000 	C:\WINDOWS\System32\ADVAPI32.dll
0x00007ffa4e880000 - 0x00007ffa4e926000 	C:\WINDOWS\System32\sechost.dll
0x00007ffa4cf50000 - 0x00007ffa4d067000 	C:\WINDOWS\System32\RPCRT4.dll
0x00007ffa49020000 - 0x00007ffa49029000 	C:\WINDOWS\SYSTEM32\WSOCK32.dll
0x00007ffa45c40000 - 0x00007ffa45c4a000 	C:\WINDOWS\SYSTEM32\VERSION.dll
0x00007ffa45c00000 - 0x00007ffa45c34000 	C:\WINDOWS\SYSTEM32\WINMM.dll
0x00007ffa4d070000 - 0x00007ffa4d0e1000 	C:\WINDOWS\System32\WS2_32.dll
0x00007ffa4ade0000 - 0x00007ffa4adf8000 	C:\WINDOWS\SYSTEM32\kernel.appcore.dll
0x00007ffa47290000 - 0x00007ffa4729a000 	C:\Program Files\JetBrains\WebStorm 2022.3.1\jbr\bin\jimage.dll
0x00007ffa2aac0000 - 0x00007ffa2acee000 	C:\WINDOWS\SYSTEM32\DBGHELP.DLL
0x00007ffa4c900000 - 0x00007ffa4cc8a000 	C:\WINDOWS\System32\combase.dll
0x00007ffa4cc90000 - 0x00007ffa4cd67000 	C:\WINDOWS\System32\OLEAUT32.dll
0x00007ffa2a100000 - 0x00007ffa2a132000 	C:\WINDOWS\SYSTEM32\dbgcore.DLL
0x00007ffa4c0c0000 - 0x00007ffa4c13a000 	C:\WINDOWS\System32\bcryptPrimitives.dll
0x00007ffa3e350000 - 0x00007ffa3e375000 	C:\Program Files\JetBrains\WebStorm 2022.3.1\jbr\bin\java.dll

dbghelp: loaded successfully - version: 4.0.5 - missing functions: none
symbol engine: initialized successfully - sym options: 0x614 - pdb path: .;C:\Program Files\JetBrains\WebStorm 2022.3.1\jbr\bin;C:\WINDOWS\SYSTEM32;C:\WINDOWS\WinSxS\amd64_microsoft.windows.common-controls_6595b64144ccf1df_6.0.22621.2361_none_2712ced57382f843;C:\Program Files\JetBrains\WebStorm 2022.3.1\jbr\bin\server

VM Arguments:
java_command: git4idea.http.GitAskPassApp Username for 'https://github.com': 
java_class_path (initial): C:/Program Files/JetBrains/WebStorm 2022.3.1/plugins/vcs-git/lib/git4idea-rt.jar;C:/Program Files/JetBrains/WebStorm 2022.3.1/lib/externalProcess-rt.jar;C:/Program Files/JetBrains/WebStorm 2022.3.1/lib/app.jar;C:/Program Files/JetBrains/WebStorm 2022.3.1/lib/3rd-party-rt.jar
Launcher Type: SUN_STANDARD

[Global flags]
     intx CICompilerCount                          = 4                                         {product} {ergonomic}
     uint ConcGCThreads                            = 3                                         {product} {ergonomic}
     uint G1ConcRefinementThreads                  = 10                                        {product} {ergonomic}
   size_t G1HeapRegionSize                         = 1048576                                   {product} {ergonomic}
    uintx GCDrainStackTargetSize                   = 64                                        {product} {ergonomic}
   size_t InitialHeapSize                          = 132120576                                 {product} {ergonomic}
   size_t MarkStackSize                            = 4194304                                   {product} {ergonomic}
   size_t MaxHeapSize                              = 2109734912                                {product} {ergonomic}
   size_t MinHeapDeltaBytes                        = 1048576                                   {product} {ergonomic}
   size_t MinHeapSize                              = 8388608                                   {product} {ergonomic}
    uintx NonNMethodCodeHeapSize                   = 5839372                                {pd product} {ergonomic}
    uintx NonProfiledCodeHeapSize                  = 122909434                              {pd product} {ergonomic}
    uintx ProfiledCodeHeapSize                     = 122909434                              {pd product} {ergonomic}
    uintx ReservedCodeCacheSize                    = 251658240                              {pd product} {ergonomic}
     bool SegmentedCodeCache                       = true                                      {product} {ergonomic}
   size_t SoftMaxHeapSize                          = 2109734912                             {manageable} {ergonomic}
     bool UseCompressedClassPointers               = true                           {product lp64_product} {ergonomic}
     bool UseCompressedOops                        = true                           {product lp64_product} {ergonomic}
     bool UseG1GC                                  = true                                      {product} {ergonomic}
     bool UseLargePagesIndividualAllocation        = false                                  {pd product} {ergonomic}

Logging:
Log output configuration:
 #0: stdout all=warning uptime,level,tags
 #1: stderr all=off uptime,level,tags

Environment Variables:
PATH=C:\Program Files\Git\mingw64\libexec\git-core;C:\Program Files\Git\mingw64\libexec\git-core;C:\Program Files\Git\mingw64\bin;C:\Program Files\Git\usr\bin;C:\Users\SOFTLAB IT\bin;C:\Python311\Scripts;C:\Python311;C:\WINDOWS\system32;C:\WINDOWS;C:\WINDOWS\System32\Wbem;C:\WINDOWS\System32\WindowsPowerShell\v1.0;C:\WINDOWS\System32\OpenSSH;C:\ProgramData\chocolatey\bin;C:\Program Files\PuTTY;C:\Program Files\Git\cmd;C:\Users\SOFTLAB IT\AppData\Roaming\nvm;C:\Program Files\nodejs;C:\Program Files\PowerShell\7;C:\Users\SOFTLAB IT\AppData\Local\Microsoft\WindowsApps;C:\Program Files\JetBrains\WebStorm 2022.3.1\bin;C:\Program Files\MongoDB\Server\6.0\bin;C:\Program Files (x86)\OpenSSL\bin;C:\Program Files\MongoDB\tools\bin;C:\Program Files\MongoDB\mongosh-1.6.2-win32-x64\bin;C:\Users\SOFTLAB IT\AppData\Local\Programs\Microsoft VS Code\bin;C:\Users\SOFTLAB IT\AppData\Roaming\nvm;C:\Program Files\nodejs
USERNAME=SOFTLAB IT
DISPLAY=:0.0
LC_ALL=en_US.UTF-8
TERM=xterm-256color
TMPDIR=C:\Users\SOFTLA~1\AppData\Local\Temp
OS=Windows_NT
PROCESSOR_IDENTIFIER=Intel64 Family 6 Model 165 Stepping 3, GenuineIntel
TMP=C:\Users\SOFTLA~1\AppData\Local\Temp
TEMP=C:\Users\SOFTLA~1\AppData\Local\Temp



---------------  S Y S T E M  ---------------

OS:
 Windows 11 , 64 bit Build 22621 (10.0.22621.2428)
OS uptime: 1 days 2:51 hours

CPU: total 12 (initial active 12) (6 cores per cpu, 2 threads per core) family 6 model 165 stepping 3 microcode 0xe0, cx8, cmov, fxsr, ht, mmx, 3dnowpref, sse, sse2, sse3, ssse3, sse4.1, sse4.2, popcnt, lzcnt, tsc, tscinvbit, avx, avx2, aes, erms, clmul, bmi1, bmi2, adx, fma, vzeroupper, clflush, clflushopt

Memory: 4k page, system-wide physical 8040M (489M free)
TotalPageFile size 20272M (AvailPageFile size 51M)
current process WorkingSet (physical memory assigned to process): 11M, peak: 11M
current process commit charge ("private bytes"): 64M, peak: 190M

vm_info: OpenJDK 64-Bit Server VM (17.0.6+1-b653.34) for windows-amd64 JRE (17.0.6+1-b653.34), built on 2023-02-24 by "builduser" with MS VC++ 16.10 / 16.11 (VS2019)

END.
